# JRE version: Java(TM) SE Runtime Environment (8.0_311-b11) (build 1.8.0_311-b11)
# Java VM: Java HotSpot(TM) 64-Bit Server VM (25.311-b11 mixed mode windows-amd64 compressed oops)
Heap:
 PSYoungGen      total 75776K, used 43714K [0x000000076b800000, 0x0000000770c80000, 0x00000007c0000000)
  eden space 65024K, 67% used [0x000000076b800000,0x000000076e2b08f8,0x000000076f780000)
  from space 10752K, 0% used [0x000000076f780000,0x000000076f780000,0x0000000770200000)
  to   space 10752K, 0% used [0x0000000770200000,0x0000000770200000,0x0000000770c80000)
 ParOldGen       total 73216K, used 7847K [0x00000006c2800000, 0x00000006c6f80000, 0x000000076b800000)
  object space 73216K, 10% used [0x00000006c2800000,0x00000006c2fa9d80,0x00000006c6f80000)
 Metaspace       used 22674K, capacity 22924K, committed 23168K, reserved 1069056K
  class space    used 2760K, capacity 2855K, committed 2944K, reserved 1048576K
GC Heap History (4 events):
Event: 68.006 GC heap before
{Heap before GC invocations=1 (full 0):
 PSYoungGen      total 75776K, used 49736K [0x000000076b800000, 0x0000000770c80000, 0x00000007c0000000)
  eden space 65024K, 76% used [0x000000076b800000,0x000000076e892358,0x000000076f780000)
  from space 10752K, 0% used [0x0000000770200000,0x0000000770200000,0x0000000770c80000)
  to   space 10752K, 0% used [0x000000076f780000,0x000000076f780000,0x0000000770200000)
 ParOldGen       total 173568K, used 0K [0x00000006c2800000, 0x00000006cd180000, 0x000000076b800000)
  object space 173568K, 0% used [0x00000006c2800000,0x00000006c2800000,0x00000006cd180000)
 Metaspace       used 20795K, capacity 21034K, committed 21248K, reserved 1067008K
  class space    used 2620K, capacity 2724K, committed 2816K, reserved 1048576K
Event: 68.012 GC heap after
Heap after GC invocations=1 (full 0):
 PSYoungGen      total 75776K, used 9062K [0x000000076b800000, 0x0000000770c80000, 0x00000007c0000000)
  eden space 65024K, 0% used [0x000000076b800000,0x000000076b800000,0x000000076f780000)
  from space 10752K, 84% used [0x000000076f780000,0x0000000770059938,0x0000000770200000)
  to   space 10752K, 0% used [0x0000000770200000,0x0000000770200000,0x0000000770c80000)
 ParOldGen       total 173568K, used 24K [0x00000006c2800000, 0x00000006cd180000, 0x000000076b800000)
  object space 173568K, 0% used [0x00000006c2800000,0x00000006c2806000,0x00000006cd180000)
 Metaspace       used 20795K, capacity 21034K, committed 21248K, reserved 1067008K
  class space    used 2620K, capacity 2724K, committed 2816K, reserved 1048576K
}
Event: 68.012 GC heap before
{Heap before GC invocations=2 (full 1):
 PSYoungGen      total 75776K, used 9062K [0x000000076b800000, 0x0000000770c80000, 0x00000007c0000000)
  eden space 65024K, 0% used [0x000000076b800000,0x000000076b800000,0x000000076f780000)
  from space 10752K, 84% used [0x000000076f780000,0x0000000770059938,0x0000000770200000)
  to   space 10752K, 0% used [0x0000000770200000,0x0000000770200000,0x0000000770c80000)
 ParOldGen       total 173568K, used 24K [0x00000006c2800000, 0x00000006cd180000, 0x000000076b800000)
  object space 173568K, 0% used [0x00000006c2800000,0x00000006c2806000,0x00000006cd180000)
 Metaspace       used 20795K, capacity 21034K, committed 21248K, reserved 1067008K
  class space    used 2620K, capacity 2724K, committed 2816K, reserved 1048576K
Event: 68.032 GC heap after
Heap after GC invocations=2 (full 1):
 PSYoungGen      total 75776K, used 0K [0x000000076b800000, 0x0000000770c80000, 0x00000007c0000000)
  eden space 65024K, 0% used [0x000000076b800000,0x000000076b800000,0x000000076f780000)
  from space 10752K, 0% used [0x000000076f780000,0x000000076f780000,0x0000000770200000)
  to   space 10752K, 0% used [0x0000000770200000,0x0000000770200000,0x0000000770c80000)
 ParOldGen       total 73216K, used 7847K [0x00000006c2800000, 0x00000006c6f80000, 0x000000076b800000)
  object space 73216K, 10% used [0x00000006c2800000,0x00000006c2fa9d80,0x00000006c6f80000)
 Metaspace       used 20795K, capacity 21034K, committed 21248K, reserved 1067008K
  class space    used 2620K, capacity 2724K, committed 2816K, reserved 1048576K
}

